Compilación iniciada a las 04/11/2015 19:23:25.
     1>Proyecto "d:\MasterUAB\MasterUAB\Videogame\Videogame.vcxproj" en el nodo 2 (build destinos).
     1>InitializeBuildStatus:
         Se creará "d:\MasterUAB\MasterUAB\\bin\Intermediate\VideogameDebug\Videogame.unsuccessfulbuild" porque se especificó "AlwaysCreate".
       ClCompile:
         C:\Program Files (x86)\Microsoft Visual Studio 10.0\VC\bin\CL.exe /c /ZI /nologo /W3 /WX- /Od /Oy- /D WIN32 /D _DEBUG /D _WINDOWS /D _MBCS /Gm /EHsc /RTC1 /MDd /GS /fp:precise /Zc:wchar_t /Zc:forScope /Fo"d:\MasterUAB\MasterUAB\\bin\Intermediate\VideogameDebug\\" /Fd"d:\MasterUAB\MasterUAB\\bin\Intermediate\VideogameDebug\vc100.pdb" /Gd /TP /analyze- /errorReport:prompt videogame.cpp
         videogame.cpp
       ManifestResourceCompile:
         C:\Program Files (x86)\Microsoft SDKs\Windows\v7.0A\bin\rc.exe /nologo /fo"d:\MasterUAB\MasterUAB\\bin\Intermediate\VideogameDebug\Videogame_d.exe.embed.manifest.res" d:\MasterUAB\MasterUAB\\bin\Intermediate\VideogameDebug\Videogame_d_manifest.rc 
       Link:
         C:\Program Files (x86)\Microsoft Visual Studio 10.0\VC\bin\link.exe /ERRORREPORT:PROMPT /OUT:"d:\MasterUAB\MasterUAB\\bin\Videogame\Videogame_d.exe" /INCREMENTAL /NOLOGO kernel32.lib user32.lib gdi32.lib winspool.lib comdlg32.lib advapi32.lib shell32.lib ole32.lib oleaut32.lib uuid.lib odbc32.lib odbccp32.lib /MANIFEST /ManifestFile:"d:\MasterUAB\MasterUAB\\bin\Intermediate\VideogameDebug\Videogame_d.exe.intermediate.manifest" /MANIFESTUAC:"level='asInvoker' uiAccess='false'" /DEBUG /PDB:"d:\MasterUAB\MasterUAB\bin\Videogame\Videogame_d_d.pdb" /SUBSYSTEM:WINDOWS /TLBID:1 /DYNAMICBASE /NXCOMPAT /IMPLIB:"d:\MasterUAB\MasterUAB\\bin\Videogame\Videogame_d.lib" /MACHINE:X86 d:\MasterUAB\MasterUAB\\bin\Intermediate\VideogameDebug\Videogame_d.exe.embed.manifest.res
         d:\MasterUAB\MasterUAB\\bin\Intermediate\VideogameDebug\videogame.obj
       Manifest:
         C:\Program Files (x86)\Microsoft SDKs\Windows\v7.0A\bin\mt.exe /nologo /verbose /out:"d:\MasterUAB\MasterUAB\\bin\Intermediate\VideogameDebug\Videogame_d.exe.embed.manifest" /manifest d:\MasterUAB\MasterUAB\\bin\Intermediate\VideogameDebug\Videogame_d.exe.intermediate.manifest
         C:\Program Files (x86)\Microsoft SDKs\Windows\v7.0A\bin\rc.exe /nologo /fo"d:\MasterUAB\MasterUAB\\bin\Intermediate\VideogameDebug\Videogame_d.exe.embed.manifest.res" d:\MasterUAB\MasterUAB\\bin\Intermediate\VideogameDebug\Videogame_d_manifest.rc 
       LinkEmbedManifest:
         C:\Program Files (x86)\Microsoft Visual Studio 10.0\VC\bin\link.exe /ERRORREPORT:PROMPT /OUT:"d:\MasterUAB\MasterUAB\\bin\Videogame\Videogame_d.exe" /INCREMENTAL /NOLOGO kernel32.lib user32.lib gdi32.lib winspool.lib comdlg32.lib advapi32.lib shell32.lib ole32.lib oleaut32.lib uuid.lib odbc32.lib odbccp32.lib /MANIFEST /ManifestFile:"d:\MasterUAB\MasterUAB\\bin\Intermediate\VideogameDebug\Videogame_d.exe.intermediate.manifest" /MANIFESTUAC:"level='asInvoker' uiAccess='false'" /DEBUG /PDB:"d:\MasterUAB\MasterUAB\bin\Videogame\Videogame_d_d.pdb" /SUBSYSTEM:WINDOWS /TLBID:1 /DYNAMICBASE /NXCOMPAT /IMPLIB:"d:\MasterUAB\MasterUAB\\bin\Videogame\Videogame_d.lib" /MACHINE:X86 d:\MasterUAB\MasterUAB\\bin\Intermediate\VideogameDebug\Videogame_d.exe.embed.manifest.res
         d:\MasterUAB\MasterUAB\\bin\Intermediate\VideogameDebug\videogame.obj
         Videogame.vcxproj -> d:\MasterUAB\MasterUAB\\bin\Videogame\Videogame_d.exe
       FinalizeBuildStatus:
         Se eliminará el archivo "d:\MasterUAB\MasterUAB\\bin\Intermediate\VideogameDebug\Videogame.unsuccessfulbuild".
         Aplicando tarea Touch a "d:\MasterUAB\MasterUAB\\bin\Intermediate\VideogameDebug\Videogame.lastbuildstate".
     1>Compilación del proyecto terminada "d:\MasterUAB\MasterUAB\Videogame\Videogame.vcxproj" (build destinos).

Compilación correcta.

Tiempo transcurrido 00:00:01.02
