d:\MasterUAB\MasterUAB\\bin\Videogame\Videogame_d.exe
d:\MasterUAB\MasterUAB\\bin\Videogame\Videogame_d.ilk
d:\MasterUAB\MasterUAB\bin\Intermediate\VideogameDebug\cl.command.1.tlog
d:\MasterUAB\MasterUAB\bin\Intermediate\VideogameDebug\CL.read.1.tlog
d:\MasterUAB\MasterUAB\bin\Intermediate\VideogameDebug\CL.write.1.tlog
d:\MasterUAB\MasterUAB\bin\Intermediate\VideogameDebug\link.4136.read.1.tlog
d:\MasterUAB\MasterUAB\bin\Intermediate\VideogameDebug\link.4136.write.1.tlog
d:\MasterUAB\MasterUAB\bin\Intermediate\VideogameDebug\link.4136-cvtres.read.1.tlog
d:\MasterUAB\MasterUAB\bin\Intermediate\VideogameDebug\link.4136-cvtres.write.1.tlog
d:\MasterUAB\MasterUAB\bin\Intermediate\VideogameDebug\link.command.1.tlog
d:\MasterUAB\MasterUAB\bin\Intermediate\VideogameDebug\link.read.1.tlog
d:\MasterUAB\MasterUAB\bin\Intermediate\VideogameDebug\link.write.1.tlog
d:\MasterUAB\MasterUAB\bin\Intermediate\VideogameDebug\link-cvtres.read.1.tlog
d:\MasterUAB\MasterUAB\bin\Intermediate\VideogameDebug\link-cvtres.write.1.tlog
d:\MasterUAB\MasterUAB\bin\Intermediate\VideogameDebug\mt.command.1.tlog
d:\MasterUAB\MasterUAB\bin\Intermediate\VideogameDebug\mt.read.1.tlog
d:\MasterUAB\MasterUAB\bin\Intermediate\VideogameDebug\mt.write.1.tlog
d:\MasterUAB\MasterUAB\bin\Intermediate\VideogameDebug\rc.command.1.tlog
d:\MasterUAB\MasterUAB\bin\Intermediate\VideogameDebug\rc.read.1.tlog
d:\MasterUAB\MasterUAB\bin\Intermediate\VideogameDebug\rc.write.1.tlog
d:\MasterUAB\MasterUAB\bin\Intermediate\VideogameDebug\vc100.idb
D:\MASTERUAB\MASTERUAB\BIN\INTERMEDIATE\VIDEOGAMEDEBUG\VC100.PDB
D:\MASTERUAB\MASTERUAB\BIN\INTERMEDIATE\VIDEOGAMEDEBUG\VIDEOGAME.OBJ
d:\MasterUAB\MasterUAB\bin\Intermediate\VideogameDebug\Videogame.vcxprojResolveAssemblyReference.cache
d:\MasterUAB\MasterUAB\bin\Intermediate\VideogameDebug\Videogame.write.1.tlog
D:\MASTERUAB\MASTERUAB\BIN\INTERMEDIATE\VIDEOGAMEDEBUG\VIDEOGAME_D.EXE.EMBED.MANIFEST
D:\MASTERUAB\MASTERUAB\BIN\INTERMEDIATE\VIDEOGAMEDEBUG\VIDEOGAME_D.EXE.EMBED.MANIFEST.RES
D:\MASTERUAB\MASTERUAB\BIN\INTERMEDIATE\VIDEOGAMEDEBUG\VIDEOGAME_D.EXE.INTERMEDIATE.MANIFEST
d:\MasterUAB\MasterUAB\bin\Intermediate\VideogameDebug\Videogame_d_manifest.rc
D:\MASTERUAB\MASTERUAB\BIN\VIDEOGAME\VIDEOGAME_D.EXE
D:\MASTERUAB\MASTERUAB\BIN\VIDEOGAME\VIDEOGAME_D.ILK
D:\MASTERUAB\MASTERUAB\BIN\VIDEOGAME\VIDEOGAME_D_D.PDB
