Compilación iniciada a las 05/11/2015 18:47:36.
     1>Proyecto "D:\MasterUAB\MasterUAB\Base\Base.vcxproj" en el nodo 2 (build destinos).
     1>InitializeBuildStatus:
         Se creará "D:\MasterUAB\MasterUAB\\bin\Intermediate\BaseDebug\Base.unsuccessfulbuild" porque se especificó "AlwaysCreate".
       ClCompile:
         Todas las salidas están actualizadas.
         C:\Program Files (x86)\Microsoft Visual Studio 10.0\VC\bin\CL.exe /c /ID:\MasterUAB\MasterUAB\\Base /I"D:\MasterUAB\MasterUAB\\3rdParty\libxml2-2.7.2.win32\include" /I"D:\MasterUAB\MasterUAB\\3rdParty\iconv-1.9.2.win32\include" /ZI /nologo /W3 /WX- /Od /Oy- /D WIN32 /D _DEBUG /D _LIB /D _MBCS /Gm /EHsc /RTC1 /MDd /GS /fp:precise /Zc:wchar_t /Zc:forScope /Fo"D:\MasterUAB\MasterUAB\\bin\Intermediate\BaseDebug\\" /Fd"D:\MasterUAB\MasterUAB\\bin\Intermediate\BaseDebug\vc100.pdb" /Gd /TP /analyze- /errorReport:prompt Math\MathConstants.cpp XML\XMLTreeNode.cpp
         XMLTreeNode.cpp
         MathConstants.cpp
         Generando código...
       Lib:
         C:\Program Files (x86)\Microsoft Visual Studio 10.0\VC\bin\Lib.exe /OUT:"D:\MasterUAB\MasterUAB\\bin\lib\Base_d.lib" /NOLOGO D:\MasterUAB\MasterUAB\\bin\Intermediate\BaseDebug\MathConstants.obj
         D:\MasterUAB\MasterUAB\\bin\Intermediate\BaseDebug\XMLTreeNode.obj
         Base.vcxproj -> D:\MasterUAB\MasterUAB\\bin\lib\Base_d.lib
       FinalizeBuildStatus:
         Se eliminará el archivo "D:\MasterUAB\MasterUAB\\bin\Intermediate\BaseDebug\Base.unsuccessfulbuild".
         Aplicando tarea Touch a "D:\MasterUAB\MasterUAB\\bin\Intermediate\BaseDebug\Base.lastbuildstate".
     1>Compilación del proyecto terminada "D:\MasterUAB\MasterUAB\Base\Base.vcxproj" (build destinos).

Compilación correcta.

Tiempo transcurrido 00:00:02.10
